<?xml version="1.0" encoding="UTF-8"?>
<!-- Generated by org.testng.reporters.JUnitReportReporter -->
<testsuite hostname="DESKTOP-4L121G8" failures="0" tests="3" name="rahulshetty.Test.standalonetest2" time="23.033" errors="0" timestamp="2024-09-26T17:11:40 IST" skipped="0">
  <testcase classname="rahulshetty.Test.standalonetest2" name="orderhistorytest" time="3.694"/>
  <system-out/>
  <testcase classname="rahulshetty.Test.standalonetest2" name="submitorder" time="9.733"/>
  <system-out/>
  <testcase classname="rahulshetty.Test.standalonetest2" name="submitorder" time="9.606"/>
  <system-out/>
</testsuite> <!-- rahulshetty.Test.standalonetest2 -->
